<?xml version="1.0" encoding="UTF-8"?>
<!-- Generated by org.testng.reporters.JUnitXMLReporter -->
<testsuite ignored="1" hostname="TILLT03819" failures="0" tests="1" name="Default test" time="12.306" errors="0" timestamp="2021-02-24T22:34:22 IST">
  <testcase classname="com.ETCSWEB.qa.testcases.PastEditionTest" name="verifyEdition201920" time="2.025"/>
  <testcase classname="com.ETCSWEB.qa.testcases.PastEditionTest" name="verifyTitle" time="0.0">
    <ignored/>
  </testcase> <!-- verifyTitle -->
</testsuite> <!-- Default test -->
