<?xml version="1.0" encoding="UTF-8"?>
<!-- Generated by org.testng.reporters.JUnitXMLReporter -->
<testsuite ignored="0" hostname="TILLT03819" failures="0" tests="10" name="Test" time="131.141" errors="0" timestamp="2021-01-07T16:46:32 IST">
  <testcase classname="com.ETCSWEB.qa.testcases.MediaPageTest" name="verifyLoadMoreButton" time="1.596"/>
  <testcase classname="com.ETCSWEB.qa.testcases.HomePageTest" name="verifyTermsConditionLink" time="0.236"/>
  <testcase classname="com.ETCSWEB.qa.testcases.HomePageTest" name="clickMobileNo" time="0.213"/>
  <testcase classname="com.ETCSWEB.qa.testcases.HomePageTest" name="clickName" time="0.366"/>
  <testcase classname="com.ETCSWEB.qa.testcases.HomePageTest" name="clickOnEmailid" time="0.174"/>
  <testcase classname="com.ETCSWEB.qa.testcases.HomePageTest" name="clickTermsConditionLink" time="0.118"/>
  <testcase classname="com.ETCSWEB.qa.testcases.HomePageTest" name="verifyEmailid" time="0.203"/>
  <testcase classname="com.ETCSWEB.qa.testcases.HomePageTest" name="verifyMediaLink" time="1.485"/>
  <testcase classname="com.ETCSWEB.qa.testcases.HomePageTest" name="verifyName" time="0.114"/>
  <testcase classname="com.ETCSWEB.qa.testcases.HomePageTest" name="verifyMobileNo" time="0.088"/>
</testsuite> <!-- Test -->
