<?xml version="1.0" encoding="UTF-8"?>
<testng-results ignored="1" total="2" passed="1" failed="0" skipped="0">
  <reporter-output>
  </reporter-output>
  <suite started-at="2021-02-24T22:34:10 IST" name="Default suite" finished-at="2021-02-24T22:34:22 IST" duration-ms="12306">
    <groups>
    </groups>
    <test started-at="2021-02-24T22:34:10 IST" name="Default test" finished-at="2021-02-24T22:34:22 IST" duration-ms="12306">
      <class name="com.ETCSWEB.qa.testcases.PastEditionTest">
        <test-method is-config="true" signature="setUp()[pri:0, instance:com.ETCSWEB.qa.testcases.PastEditionTest@17046283]" started-at="2021-02-24T22:34:10 IST" name="setUp" finished-at="2021-02-24T22:34:19 IST" duration-ms="9369" status="PASS">
          <reporter-output>
          </reporter-output>
        </test-method> <!-- setUp -->
        <test-method signature="verifyEdition201920()[pri:0, instance:com.ETCSWEB.qa.testcases.PastEditionTest@17046283]" started-at="2021-02-24T22:34:19 IST" name="verifyEdition201920" finished-at="2021-02-24T22:34:21 IST" duration-ms="2025" status="PASS">
          <reporter-output>
          </reporter-output>
        </test-method> <!-- verifyEdition201920 -->
        <test-method is-config="true" signature="tearUp()[pri:0, instance:com.ETCSWEB.qa.testcases.PastEditionTest@17046283]" started-at="2021-02-24T22:34:21 IST" name="tearUp" finished-at="2021-02-24T22:34:22 IST" duration-ms="862" status="PASS">
          <reporter-output>
          </reporter-output>
        </test-method> <!-- tearUp -->
      </class> <!-- com.ETCSWEB.qa.testcases.PastEditionTest -->
    </test> <!-- Default test -->
  </suite> <!-- Default suite -->
</testng-results>
